\BOOKMARK [0][-]{chapter.1}{Sp\351cification des besoins}{}% 1
\BOOKMARK [1][-]{section.1.1}{Description du projet}{chapter.1}% 2
\BOOKMARK [1][-]{section.1.2}{Identification des besoins fonctionnels}{chapter.1}% 3
\BOOKMARK [1][-]{section.1.3}{Identification des besoins non fonctionnels}{chapter.1}% 4
\BOOKMARK [1][-]{section.1.4}{Diagramme des cas d'utilisations global}{chapter.1}% 5
\BOOKMARK [1][-]{section.1.5}{Identifications des acteurs et des cas d'utilisations}{chapter.1}% 6
\BOOKMARK [0][-]{chapter.2}{Analyse et conception}{}% 7
\BOOKMARK [1][-]{section.2.1}{Analyse}{chapter.2}% 8
\BOOKMARK [2][-]{subsection.2.1.1}{Mod\350le du cycle de vie}{section.2.1}% 9
\BOOKMARK [2][-]{subsection.2.1.2}{Raffinement des cas d'utilisations}{section.2.1}% 10
\BOOKMARK [1][-]{section.2.2}{Conception}{chapter.2}% 11
\BOOKMARK [2][-]{subsection.2.2.1}{Diagrammes d'activit\351s}{section.2.2}% 12
\BOOKMARK [2][-]{subsection.2.2.2}{Diagrammes de s\351quences}{section.2.2}% 13
\BOOKMARK [2][-]{subsection.2.2.3}{Diagramme des classes global}{section.2.2}% 14
\BOOKMARK [0][-]{chapter.3}{R\351alisation et tests}{}% 15
\BOOKMARK [1][-]{section.3.1}{Etude technique}{chapter.3}% 16
\BOOKMARK [2][-]{subsection.3.1.1}{Environnement mat\351riel}{section.3.1}% 17
\BOOKMARK [2][-]{subsection.3.1.2}{Environnement logiciel}{section.3.1}% 18
\BOOKMARK [1][-]{section.3.2}{Les interfaces}{chapter.3}% 19
\BOOKMARK [2][-]{subsection.3.2.1}{Sch\351ma de navigation du client}{section.3.2}% 20
\BOOKMARK [2][-]{subsection.3.2.2}{Interface d'authentification}{section.3.2}% 21
\BOOKMARK [2][-]{subsection.3.2.3}{Interface de cr\351ation d'un dossier AVA}{section.3.2}% 22
